"../../../../../GitProjects/Hackathon/Project/FrendsInDisaster/Content/Mannequin/Character/Mesh/UE4_Mannequin_Skeleton.uasset" 0
"../../../../../GitProjects/Hackathon/Project/FrendsInDisaster/Content/Mannequin/Animations/ThirdPersonJump_End.uasset" 1
"../../../../../GitProjects/Hackathon/Project/FrendsInDisaster/Content/StarterContent/Materials/M_Basic_Wall.uasset" 2
"../../../../../GitProjects/Hackathon/Project/FrendsInDisaster/Content/StarterContent/Architecture/Pillar_50x500.uasset" 3
"../../../../../GitProjects/Hackathon/Project/FrendsInDisaster/Content/StarterContent/Architecture/Wall_400x300.uasset" 4
"../../../../../GitProjects/Hackathon/Project/FrendsInDisaster/Content/StarterContent/Architecture/Wall_400x400.uasset" 5
"../../../../../GitProjects/Hackathon/Project/FrendsInDisaster/Content/StarterContent/Architecture/Wall_500x500.uasset" 6
"../../../../../GitProjects/Hackathon/Project/FrendsInDisaster/Content/StarterContent/Architecture/Wall_Door_400x400.uasset" 7
"../../../../../GitProjects/Hackathon/Project/FrendsInDisaster/Content/StarterContent/Architecture/Wall_Window_400x400.uasset" 8
"../../../../../GitProjects/Hackathon/Project/FrendsInDisaster/Content/StarterContent/Audio/Collapse01.uasset" 9
"../../../../../GitProjects/Hackathon/Project/FrendsInDisaster/Content/StarterContent/Audio/Collapse02.uasset" 10
"../../../../../GitProjects/Hackathon/Project/FrendsInDisaster/Content/StarterContent/Audio/Explosion01.uasset" 11
"../../../../../GitProjects/Hackathon/Project/FrendsInDisaster/Content/StarterContent/Audio/Explosion02.uasset" 12
"../../../../../GitProjects/Hackathon/Project/FrendsInDisaster/Content/StarterContent/Audio/Fire01.uasset" 13
"../../../../../GitProjects/Hackathon/Project/FrendsInDisaster/Content/StarterContent/Audio/Fire_Sparks01.uasset" 14
"../../../../../GitProjects/Hackathon/Project/FrendsInDisaster/Content/StarterContent/Audio/Light01.uasset" 15
"../../../../../GitProjects/Hackathon/Project/FrendsInDisaster/Content/StarterContent/Audio/Light01_Cue.uasset" 16
"../../../../../GitProjects/Hackathon/Project/FrendsInDisaster/Content/StarterContent/Audio/Light02.uasset" 17
"../../../../../GitProjects/Hackathon/Project/FrendsInDisaster/Content/StarterContent/Audio/Light02_Cue.uasset" 18
"../../../../../GitProjects/Hackathon/Project/FrendsInDisaster/Content/StarterContent/Audio/Smoke01.uasset" 19
"../../../../../GitProjects/Hackathon/Project/FrendsInDisaster/Content/StarterContent/Audio/Starter_Birds01.uasset" 20
"../../../../../GitProjects/Hackathon/Project/FrendsInDisaster/Content/StarterContent/Audio/Starter_Music01.uasset" 21
"../../../../../GitProjects/Hackathon/Project/FrendsInDisaster/Content/StarterContent/Audio/Starter_Wind05.uasset" 22
"../../../../../GitProjects/Hackathon/Project/FrendsInDisaster/Content/StarterContent/Audio/Starter_Wind06.uasset" 23
"../../../../../GitProjects/Hackathon/Project/FrendsInDisaster/Content/StarterContent/Audio/Steam01.uasset" 24
"../../../../../GitProjects/Hackathon/Project/FrendsInDisaster/Content/StarterContent/Audio/Explosion_Cue.uasset" 25
"../../../../../GitProjects/Hackathon/Project/FrendsInDisaster/Content/StarterContent/Textures/T_Burst_M.uasset" 26
"../../../../../GitProjects/Hackathon/Project/FrendsInDisaster/Content/StarterContent/Particles/Materials/M_Burst.uasset" 27
"../../../../../GitProjects/Hackathon/Project/FrendsInDisaster/Content/StarterContent/Textures/T_Explosion_SubUV.uasset" 28
"../../../../../GitProjects/Hackathon/Project/FrendsInDisaster/Content/StarterContent/Particles/Materials/M_explosion_subUV.uasset" 29
"../../../../../GitProjects/Hackathon/Project/FrendsInDisaster/Content/StarterContent/Particles/Materials/m_flare_01.uasset" 30
"../../../Engine/Content/Functions/Engine_MaterialFunctions01/Gradient/RadialGradient.uasset" 31
"../../../../../GitProjects/Hackathon/Project/FrendsInDisaster/Content/StarterContent/Particles/Materials/M_radial_ramp.uasset" 32
"../../../../../GitProjects/Hackathon/Project/FrendsInDisaster/Content/StarterContent/Textures/T_Smoke_SubUV.uasset" 33
"../../../../../GitProjects/Hackathon/Project/FrendsInDisaster/Content/StarterContent/Textures/T_Smoke_Tiled_D.uasset" 34
"../../../../../GitProjects/Hackathon/Project/FrendsInDisaster/Content/StarterContent/Particles/Materials/M_smoke_subUV.uasset" 35
"../../../../../GitProjects/Hackathon/Project/FrendsInDisaster/Content/StarterContent/Particles/P_Explosion.uasset" 36
"../../../../../GitProjects/Hackathon/Project/FrendsInDisaster/Content/StarterContent/Blueprints/Blueprint_Effect_Explosion.uasset" 37
"../../../Engine/Content/EditorMeshes/ColorCalibrator/T_ColorGrid.uasset" 38
"../../../../../GitProjects/Hackathon/Project/FrendsInDisaster/Content/StarterContent/Materials/M_ColorGrid_LowSpec.uasset" 39
"../../../../../GitProjects/Hackathon/Project/FrendsInDisaster/Content/StarterContent/Textures/T_Bush_D.uasset" 40
"../../../../../GitProjects/Hackathon/Project/FrendsInDisaster/Content/StarterContent/Textures/T_Bush_N.uasset" 41
"../../../../../GitProjects/Hackathon/Project/FrendsInDisaster/Content/StarterContent/Props/Materials/M_Bush.uasset" 42
"../../../../../GitProjects/Hackathon/Project/FrendsInDisaster/Content/StarterContent/Props/SM_Bush.uasset" 43
"../../../../../GitProjects/Hackathon/Project/FrendsInDisaster/Content/StarterContent/Textures/T_Chair_M.uasset" 44
"../../../../../GitProjects/Hackathon/Project/FrendsInDisaster/Content/StarterContent/Textures/T_Chair_N.uasset" 45
"../../../../../GitProjects/Hackathon/Project/FrendsInDisaster/Content/StarterContent/Props/Materials/M_Chair.uasset" 46
"../../../../../GitProjects/Hackathon/Project/FrendsInDisaster/Content/StarterContent/Props/SM_Couch.uasset" 47
"../../../../../GitProjects/Hackathon/Project/FrendsInDisaster/Content/StarterContent/Materials/M_Glass.uasset" 48
"../../../../../GitProjects/Hackathon/Project/FrendsInDisaster/Content/StarterContent/Textures/T_Door_M.uasset" 49
"../../../../../GitProjects/Hackathon/Project/FrendsInDisaster/Content/StarterContent/Textures/T_Door_N.uasset" 50
"../../../../../GitProjects/Hackathon/Project/FrendsInDisaster/Content/StarterContent/Props/Materials/M_Door.uasset" 51
"../../../../../GitProjects/Hackathon/Project/FrendsInDisaster/Content/StarterContent/Props/SM_Door.uasset" 52
"../../../../../GitProjects/Hackathon/Project/FrendsInDisaster/Content/StarterContent/Props/Materials/M_MaterialSphere.uasset" 53
"../../../../../GitProjects/Hackathon/Project/FrendsInDisaster/Content/StarterContent/Props/Materials/M_MaterialSphere_Plain.uasset" 54
"../../../../../GitProjects/Hackathon/Project/FrendsInDisaster/Content/StarterContent/Props/SM_MatPreviewMesh_02.uasset" 55
"../../../Engine/Content/Functions/Engine_MaterialFunctions02/Utility/BlendAngleCorrectedNormals.uasset" 56
"../../../../../GitProjects/Hackathon/Project/FrendsInDisaster/Content/StarterContent/Textures/T_Detail_Rocky_N.uasset" 57
"../../../../../GitProjects/Hackathon/Project/FrendsInDisaster/Content/StarterContent/Textures/T_Rock_Basalt_D.uasset" 58
"../../../../../GitProjects/Hackathon/Project/FrendsInDisaster/Content/StarterContent/Textures/T_RockMesh_M.uasset" 59
"../../../../../GitProjects/Hackathon/Project/FrendsInDisaster/Content/StarterContent/Textures/T_RockMesh_N.uasset" 60
"../../../../../GitProjects/Hackathon/Project/FrendsInDisaster/Content/StarterContent/Props/Materials/M_Rock.uasset" 61
"../../../../../GitProjects/Hackathon/Project/FrendsInDisaster/Content/StarterContent/Props/SM_Rock.uasset" 62
"../../../../../GitProjects/Hackathon/Project/FrendsInDisaster/Content/StarterContent/Textures/T_Shelf_M.uasset" 63
"../../../../../GitProjects/Hackathon/Project/FrendsInDisaster/Content/StarterContent/Textures/T_Shelf_N.uasset" 64
"../../../../../GitProjects/Hackathon/Project/FrendsInDisaster/Content/StarterContent/Props/Materials/M_Shelf.uasset" 65
"../../../../../GitProjects/Hackathon/Project/FrendsInDisaster/Content/StarterContent/Props/SM_Shelf.uasset" 66
"../../../../../GitProjects/Hackathon/Project/FrendsInDisaster/Content/StarterContent/Materials/M_Basic_Floor.uasset" 67
"../../../../../GitProjects/Hackathon/Project/FrendsInDisaster/Content/StarterContent/Props/SM_Stairs.uasset" 68
"../../../../../GitProjects/Hackathon/Project/FrendsInDisaster/Content/StarterContent/Shapes/Shape_Cone.uasset" 69
"../../../../../GitProjects/Hackathon/Project/FrendsInDisaster/Content/StarterContent/Shapes/Shape_Cylinder.uasset" 70
"../../../../../GitProjects/Hackathon/Project/FrendsInDisaster/Content/StarterContent/Shapes/Shape_NarrowCapsule.uasset" 71
"../../../../../GitProjects/Hackathon/Project/FrendsInDisaster/Content/StarterContent/Shapes/Shape_Pipe.uasset" 72
"../../../../../GitProjects/Hackathon/Project/FrendsInDisaster/Content/StarterContent/Shapes/Shape_Pipe_180.uasset" 73
"../../../../../GitProjects/Hackathon/Project/FrendsInDisaster/Content/StarterContent/Shapes/Shape_Pipe_90.uasset" 74
"../../../../../GitProjects/Hackathon/Project/FrendsInDisaster/Content/StarterContent/Shapes/Shape_Plane.uasset" 75
"../../../../../GitProjects/Hackathon/Project/FrendsInDisaster/Content/StarterContent/Shapes/Shape_Torus.uasset" 76
"../../../../../GitProjects/Hackathon/Project/FrendsInDisaster/Content/StarterContent/Shapes/Shape_Trim.uasset" 77
"../../../../../GitProjects/Hackathon/Project/FrendsInDisaster/Content/StarterContent/Shapes/Shape_Trim_90_In.uasset" 78
"../../../../../GitProjects/Hackathon/Project/FrendsInDisaster/Content/StarterContent/Shapes/Shape_Trim_90_Out.uasset" 79
"../../../../../GitProjects/Hackathon/Project/FrendsInDisaster/Content/StarterContent/Shapes/Shape_TriPyramid.uasset" 80
"../../../../../GitProjects/Hackathon/Project/FrendsInDisaster/Content/StarterContent/Shapes/Shape_Tube.uasset" 81
"../../../../../GitProjects/Hackathon/Project/FrendsInDisaster/Content/StarterContent/Shapes/Shape_Wedge_A.uasset" 82
"../../../../../GitProjects/Hackathon/Project/FrendsInDisaster/Content/StarterContent/Shapes/Shape_Wedge_B.uasset" 83
"../../../../../GitProjects/Hackathon/Project/FrendsInDisaster/Content/StarterContent/Shapes/Shape_WideCapsule.uasset" 84
"../../../../../GitProjects/Hackathon/Project/FrendsInDisaster/Content/Mannequin/Animations/ThirdPerson_Jump.uasset" 85
"../../../../../GitProjects/Hackathon/Project/FrendsInDisaster/Content/Mannequin/Animations/ThirdPersonJump_Loop.uasset" 86
"../../../../../GitProjects/Hackathon/Project/FrendsInDisaster/Content/Mannequin/Animations/ThirdPersonJump_Start.uasset" 87
"../../../../../GitProjects/Hackathon/Project/FrendsInDisaster/Content/Mannequin/Animations/ThirdPersonIdle.uasset" 88
"../../../../../GitProjects/Hackathon/Project/FrendsInDisaster/Content/Mannequin/Animations/ThirdPersonRun.uasset" 89
"../../../../../GitProjects/Hackathon/Project/FrendsInDisaster/Content/Mannequin/Animations/ThirdPersonWalk.uasset" 90
"../../../../../GitProjects/Hackathon/Project/FrendsInDisaster/Content/Mannequin/Animations/ThirdPerson_IdleRun_2D.uasset" 91
"../../../Engine/Content/EditorBlueprintResources/StandardMacros.uasset" 92
"../../../../../GitProjects/Hackathon/Project/FrendsInDisaster/Content/Mannequin/Animations/ThirdPerson_AnimBP.uasset" 93
"../../../../../GitProjects/Hackathon/Project/FrendsInDisaster/Content/ThirdPersonBP/MyMaps/01/DeletBox.uasset" 94
"../../../../../GitProjects/Hackathon/Project/FrendsInDisaster/Content/ThirdPersonBP/MyMaps/01/TrashBox.uasset" 95
"../../../Engine/Content/BufferVisualization/BaseColor.uasset" 96
"../../../../../GitProjects/Hackathon/Project/FrendsInDisaster/Content/ThirdPersonBP/MyMaps/01/Materials/Hex_Top.uasset" 97
"../../../../../GitProjects/Hackathon/Project/FrendsInDisaster/Content/ThirdPersonBP/MyMaps/01/Materials/Triggered.uasset" 98
"../../../../../GitProjects/Hackathon/Project/FrendsInDisaster/Content/ThirdPersonBP/MyMaps/01/Materials/Hex_Sides.uasset" 99
"../../../../../GitProjects/Hackathon/Project/FrendsInDisaster/Content/ThirdPersonBP/MyMaps/01/hex.uasset" 100
"../../../../../GitProjects/Hackathon/Project/FrendsInDisaster/Content/ThirdPersonBP/MyMaps/01/Flex_Platform.uasset" 101
"../../../Engine/Content/BasicShapes/BasicShapeMaterial.uasset" 102
"../../../Engine/Content/Functions/Engine_MaterialFunctions01/Opacity/CameraDepthFade.uasset" 103
"../../../Engine/Content/EngineMaterials/T_Default_Material_Grid_M.uasset" 104
"../../../Engine/Content/EngineMaterials/T_Default_Material_Grid_N.uasset" 105
"../../../Engine/Content/EngineMaterials/DefaultMaterial.uasset" 106
"../../../Engine/Content/BasicShapes/Sphere.uasset" 107
"../../../Engine/Content/Functions/MaterialLayerFunctions/MatLayerBlend_NormalBlend.uasset" 108
"../../../Engine/Content/Functions/MaterialLayerFunctions/MatLayerBlend_Simple.uasset" 109
"../../../../../GitProjects/Hackathon/Project/FrendsInDisaster/Content/Mannequin/Character/Materials/MaterialLayers/T_ML_Rubber_Blue_01_D.uasset" 110
"../../../../../GitProjects/Hackathon/Project/FrendsInDisaster/Content/Mannequin/Character/Materials/MaterialLayers/T_ML_Rubber_Blue_01_N.uasset" 111
"../../../../../GitProjects/Hackathon/Project/FrendsInDisaster/Content/Mannequin/Character/Materials/MaterialLayers/ML_GlossyBlack_Latex_UE4.uasset" 112
"../../../../../GitProjects/Hackathon/Project/FrendsInDisaster/Content/Mannequin/Character/Materials/MaterialLayers/ML_Plastic_Shiny_Beige.uasset" 113
"../../../../../GitProjects/Hackathon/Project/FrendsInDisaster/Content/Mannequin/Character/Textures/UE4_LOGO_CARD.uasset" 114
"../../../../../GitProjects/Hackathon/Project/FrendsInDisaster/Content/Mannequin/Character/Materials/MaterialLayers/ML_Plastic_Shiny_Beige_LOGO.uasset" 115
"../../../../../GitProjects/Hackathon/Project/FrendsInDisaster/Content/Mannequin/Character/Materials/MaterialLayers/T_ML_Aluminum01.uasset" 116
"../../../../../GitProjects/Hackathon/Project/FrendsInDisaster/Content/Mannequin/Character/Materials/MaterialLayers/T_ML_Aluminum01_N.uasset" 117
"../../../../../GitProjects/Hackathon/Project/FrendsInDisaster/Content/Mannequin/Character/Materials/MaterialLayers/ML_SoftMetal_UE4.uasset" 118
"../../../../../GitProjects/Hackathon/Project/FrendsInDisaster/Content/Mannequin/Character/Textures/UE4_Mannequin__normals.uasset" 119
"../../../../../GitProjects/Hackathon/Project/FrendsInDisaster/Content/Mannequin/Character/Textures/UE4_Mannequin_MAT_MASKA.uasset" 120
"../../../../../GitProjects/Hackathon/Project/FrendsInDisaster/Content/Mannequin/Character/Materials/M_UE4Man_Body.uasset" 121
"../../../../../GitProjects/Hackathon/Project/FrendsInDisaster/Content/Mannequin/Character/Textures/UE4Man_Logo_N.uasset" 122
"../../../../../GitProjects/Hackathon/Project/FrendsInDisaster/Content/Mannequin/Character/Materials/M_UE4Man_ChestLogo.uasset" 123
"../../../../../GitProjects/Hackathon/Project/FrendsInDisaster/Content/Mannequin/Character/Mesh/SK_Mannequin_PhysicsAsset.uasset" 124
"../../../../../GitProjects/Hackathon/Project/FrendsInDisaster/Content/Mannequin/Character/Mesh/SK_Mannequin.uasset" 125
"../../../../../GitProjects/Hackathon/Project/FrendsInDisaster/Content/StarterContent/Particles/Materials/m_flare_01_Inst.uasset" 126
"../../../../../GitProjects/Hackathon/Project/FrendsInDisaster/Content/ThirdPersonBP/MyMaps/01/JumpParticle.uasset" 127
"../../../../../GitProjects/Hackathon/Project/FrendsInDisaster/Content/ThirdPersonBP/Blueprints/ThirdPersonCharacter2.uasset" 128
"../../../../../GitProjects/Hackathon/Project/FrendsInDisaster/Content/Mannequin/Character/Materials/M_UE4Man_Body_2.uasset" 129
"../../../../../GitProjects/Hackathon/Project/FrendsInDisaster/Content/ThirdPersonBP/Blueprints/ThirdPersonCharacter.uasset" 130
"../../../../../GitProjects/Hackathon/Project/FrendsInDisaster/Content/ThirdPersonBP/Blueprints/ThirdPersonGameMode.uasset" 131
"../../../../../GitProjects/Hackathon/Project/FrendsInDisaster/Content/ThirdPersonBP/MyMaps/01/Platform_Flaex.uasset" 132
"../../../Engine/Content/Animation/DefaultAnimCurveCompressionSettings.uasset" 133
"../../../Engine/Content/EngineMaterials/WorldGridMaterial.uasset" 134
"../../../Engine/Content/ArtTools/RenderToTexture/Meshes/S_1_Unit_Plane.uasset" 135
"../../../Engine/Content/BasicShapes/Cone.uasset" 136
"../../../Engine/Content/BasicShapes/Cylinder.uasset" 137
"../../../Engine/Content/BasicShapes/Plane.uasset" 138
"../../../Engine/Content/EditorLandscapeResources/DataLayer.uasset" 139
"../../../Engine/Content/EditorMaterials/GizmoMaterial.uasset" 140
"../../../Engine/Content/EditorMaterials/MAT_Groups_Toggle.uasset" 141
"../../../Engine/Content/EditorMaterials/MAT_Groups_Visibility.uasset" 142
"../../../Engine/Content/EditorMaterials/PreviewShadowIndicator.uasset" 143
"../../../Engine/Content/EditorMaterials/PreviewShadowIndicatorMaterial.uasset" 144
"../../../Engine/Content/EditorMaterials/MatineeGroups/MAT_ColorTrack.uasset" 145
"../../../Engine/Content/EditorMaterials/MatineeGroups/MAT_Groups_Anim.uasset" 146
"../../../Engine/Content/EditorMaterials/MatineeGroups/MAT_Groups_AudioMaster.uasset" 147
"../../../Engine/Content/EditorMaterials/MatineeGroups/MAT_Groups_Director.uasset" 148
"../../../Engine/Content/EditorMaterials/MatineeGroups/MAT_Groups_Event.uasset" 149
"../../../Engine/Content/EditorMaterials/MatineeGroups/MAT_Groups_Fade.uasset" 150
"../../../Engine/Content/EditorMaterials/MatineeGroups/MAT_Groups_Float.uasset" 151
"../../../Engine/Content/EditorMaterials/MatineeGroups/MAT_Groups_Move.uasset" 152
"../../../Engine/Content/EditorMaterials/MatineeGroups/MAT_Groups_Slomo.uasset" 153
"../../../Engine/Content/EditorMaterials/MatineeGroups/MAT_Groups_Sound.uasset" 154
"../../../Engine/Content/EditorMaterials/MatineeGroups/MAT_Groups_Vector.uasset" 155
"../../../Engine/Content/EditorMaterials/ParticleSystems/PSysThumbnail_NoImage.uasset" 156
"../../../Engine/Content/EditorMaterials/ParticleSystems/PSysThumbnail_OOD.uasset" 157
"../../../Engine/Content/EditorMaterials/Camera/CineMat.uasset" 158
"../../../Engine/Content/EditorMaterials/Camera/MI_CineMat_Rig.uasset" 159
"../../../Engine/Content/EditorMeshes/Camera/SM_CraneRig_Arm.uasset" 160
"../../../Engine/Content/EditorMeshes/Camera/SM_CraneRig_Base.uasset" 161
"../../../Engine/Content/EditorMeshes/Camera/SM_CraneRig_Body.uasset" 162
"../../../Engine/Content/EditorMeshes/Camera/SM_CraneRig_Mount.uasset" 163
"../../../Engine/Content/EditorMeshes/Camera/SM_RailRig_Mount.uasset" 164
"../../../Engine/Content/EditorMeshes/Camera/SM_RailRig_Track.uasset" 165
"../../../Engine/Content/EditorResources/BSPVertex.uasset" 166
"../../../Engine/Content/EditorResources/EmptyActor.uasset" 167
"../../../Engine/Content/EditorResources/S_Actor.uasset" 168
"../../../Engine/Content/EditorResources/S_Note.uasset" 169
"../../../Engine/Content/EditorResources/S_Trigger.uasset" 170
"../../../Engine/Content/EditorResources/AudioIcons/S_AudioComponent.uasset" 171
"../../../Engine/Content/EditorResources/AudioIcons/S_AudioComponent_AutoActivate.uasset" 172
"../../../Engine/Content/EditorResources/LightIcons/S_LightError.uasset" 173
"../../../Engine/Content/EditorResources/SequenceRecorder/Countdown.uasset" 174
"../../../Engine/Content/EditorResources/SequenceRecorder/RecordingIndicator.uasset" 175
"../../../Engine/Content/EditorSounds/Notifications/CompileFailed.uasset" 176
"../../../Engine/Content/EditorSounds/Notifications/CompileFailed_Cue.uasset" 177
"../../../Engine/Content/EditorSounds/Notifications/CompileSuccess.uasset" 178
"../../../Engine/Content/EditorSounds/Notifications/CompileStart_Cue.uasset" 179
"../../../Engine/Content/EditorSounds/Notifications/CompileSuccess_Cue.uasset" 180
"../../../Engine/Content/EngineDamageTypes/DmgTypeBP_Environmental.uasset" 181
"../../../Engine/Content/EngineDebugMaterials/HeatmapGradient.uasset" 182
"../../../Engine/Content/EngineDebugMaterials/BoneWeightMaterial.uasset" 183
"../../../Engine/Content/EngineDebugMaterials/ClothMaterial.uasset" 184
"../../../Engine/Content/EngineDebugMaterials/ClothMaterial_WF.uasset" 185
"../../../Engine/Content/EngineDebugMaterials/DebugEditorMaterial.uasset" 186
"../../../Engine/Content/EngineDebugMaterials/DebugMeshMaterial.uasset" 187
"../../../Engine/Content/EngineDebugMaterials/GeomMaterial.uasset" 188
"../../../Engine/Content/EngineDebugMaterials/M_SimpleTranslucent.uasset" 189
"../../../Engine/Content/EngineFonts/Faces/RobotoBold.uasset" 190
"../../../Engine/Content/EngineFonts/Faces/RobotoBoldItalic.uasset" 191
"../../../Engine/Content/EngineFonts/Faces/RobotoItalic.uasset" 192
"../../../Engine/Content/EngineFonts/Faces/RobotoLight.uasset" 193
"../../../Engine/Content/EngineFonts/Faces/RobotoRegular.uasset" 194
"../../../Engine/Content/EngineFonts/Roboto.uasset" 195
"../../../Engine/Content/EngineFonts/Faces/RobotoTiny.uasset" 196
"../../../Engine/Content/EngineFonts/RobotoTiny.uasset" 197
"../../../Engine/Content/EngineMaterials/BaseFlattenDiffuseMap.uasset" 198
"../../../Engine/Content/EngineMaterials/BaseFlattenEmissiveMap.uasset" 199
"../../../Engine/Content/EngineMaterials/BaseFlattenGrayscaleMap.uasset" 200
"../../../Engine/Content/EngineMaterials/BaseFlattenNormalMap.uasset" 201
"../../../Engine/Content/EngineMaterials/BaseFlattenMaterial.uasset" 202
"../../../Engine/Content/EngineMaterials/DefaultBloomKernel.uasset" 203
"../../../Engine/Content/EngineMaterials/DefaultBokeh.uasset" 204
"../../../Engine/Content/EngineMaterials/DefaultDiffuse.uasset" 205
"../../../Engine/Content/EngineMaterials/DefaultDeferredDecalMaterial.uasset" 206
"../../../Engine/Content/EngineMaterials/DefaultLightFunctionMaterial.uasset" 207
"../../../Engine/Content/EngineMaterials/DefaultPhysicalMaterial.uasset" 208
"../../../Engine/Content/Functions/Engine_MaterialFunctions02/Utility/BreakOutFloat2Components.uasset" 209
"../../../Engine/Content/EngineMaterials/DefaultPostProcessMaterial.uasset" 210
"../../../Engine/Content/EngineFonts/RobotoDistanceField.uasset" 211
"../../../Engine/Content/EngineMaterials/DefaultTextMaterialOpaque.uasset" 212
"../../../Engine/Content/EngineMaterials/DefaultWhiteGrid.uasset" 213
"../../../Engine/Content/EngineMaterials/EditorBrushMaterial.uasset" 214
"../../../Engine/Content/EngineMaterials/Good64x64TilingNoiseHighFreq.uasset" 215
"../../../Engine/Content/EngineMaterials/MiniFont.uasset" 216
"../../../Engine/Content/EngineMaterials/InvalidLightmapSettings.uasset" 217
"../../../Engine/Content/EngineMaterials/M_InvalidLightmapSettings.uasset" 218
"../../../Engine/Content/Functions/Engine_MaterialFunctions02/WorldPositionOffset/CameraOffset.uasset" 219
"../../../Engine/Content/EngineMaterials/PhAT_JointLimitMaterial.uasset" 220
"../../../Engine/Content/EngineMaterials/PreintegratedSkinBRDF.uasset" 221
"../../../Engine/Content/EngineMaterials/RemoveSurfaceMaterial.uasset" 222
"../../../Engine/Content/EngineMaterials/WeightMapPlaceholderTexture.uasset" 223
"../../../Engine/Content/EngineResources/WhiteSquareTexture.uasset" 224
"../../../Engine/Content/EngineMaterials/Widget3DPassThrough.uasset" 225
"../../../Engine/Content/EngineMaterials/Widget3DPassThrough_Masked.uasset" 226
"../../../Engine/Content/EngineMaterials/Widget3DPassThrough_Opaque.uasset" 227
"../../../Engine/Content/EngineMaterials/Widget3DPassThrough_Masked_OneSided.uasset" 228
"../../../Engine/Content/EngineMaterials/Widget3DPassThrough_Opaque_OneSided.uasset" 229
"../../../Engine/Content/EngineMaterials/Widget3DPassThrough_Translucent.uasset" 230
"../../../Engine/Content/EngineMaterials/Widget3DPassThrough_Translucent_OneSided.uasset" 231
"../../../Engine/Content/EngineMeshes/Cylinder.uasset" 232
"../../../Engine/Content/EngineMeshes/Sphere.uasset" 233
"../../../Engine/Content/EngineResources/Black.uasset" 234
"../../../Engine/Content/EngineResources/DefaultTexture.uasset" 235
"../../../Engine/Content/EngineResources/DefaultTextureCube.uasset" 236
"../../../Engine/Content/EngineResources/DefaultVolumeTexture2D.uasset" 237
"../../../Engine/Content/EngineResources/DefaultVolumeTexture.uasset" 238
"../../../Engine/Content/EngineResources/GradientTexture0.uasset" 239
"../../../Engine/Content/EngineSounds/Master.uasset" 240
"../../../Engine/Content/Functions/Engine_MaterialFunctions01/Shading/ConvertFromDiffSpec.uasset" 241
"../../../Engine/Content/Functions/Engine_MaterialFunctions01/Shading/PowerToRoughness.uasset" 242
"../../../Engine/Content/Maps/Templates/Thumbnails/Default.uasset" 243
"../../../Engine/Content/Maps/Templates/Thumbnails/VR-Basic.uasset" 244
"../../../Engine/Content/MobileResources/T_MobileControls_texture.uasset" 245
"../../../Engine/Content/MobileResources/T_MobileMenu2.uasset" 246
"../../../Engine/Content/MobileResources/HUD/AnalogHat.uasset" 247
"../../../Engine/Content/MobileResources/HUD/VirtualJoystick_Background.uasset" 248
"../../../Engine/Content/MobileResources/HUD/VirtualJoystick_Thumb.uasset" 249
"../../../Engine/Content/MobileResources/HUD/DefaultVirtualJoysticks.uasset" 250
"../../../Engine/Content/MobileResources/HUD/LeftVirtualJoystickOnly.uasset" 251
"../../../Engine/Content/MobileResources/HUD/MobileHUDButton1_off.uasset" 252
"../../../Engine/Content/MobileResources/HUD/MobileHUDButton1_on.uasset" 253
"../../../Engine/Content/MobileResources/HUD/MobileHUDButton2_off.uasset" 254
"../../../Engine/Content/MobileResources/HUD/MobileHUDButton2_on.uasset" 255
"../../../Engine/Content/MobileResources/HUD/MobileHUDButton3.uasset" 256
"../../../Engine/Content/MobileResources/HUD/MobileHUDButtonFire.uasset" 257
"../../../Engine/Content/MobileResources/HUD/MobileHUDDirectionPad.uasset" 258
"../../../Engine/Content/MobileResources/HUD/MobileHUDDirectionPad2.uasset" 259
"../../../Engine/Content/MobileResources/HUD/MobileHUDDirectionPad3.uasset" 260
"../../../Engine/Content/MobileResources/HUD/MobileHUDDirectionStick.uasset" 261
"../../../Engine/Content/MobileResources/HUD/T_Castle_ThumbstickInner.uasset" 262
"../../../Engine/Content/MobileResources/HUD/T_Castle_ThumbstickOutter.uasset" 263
"../../../Engine/Content/Tutorial/ContentIntroCurve.uasset" 264
"../../../Engine/Content/Tutorial/Basics/LevelEditorAttract.uasset" 265
"../../../Engine/Content/Tutorial/Basics/TutorialAssets/icon_tab_Levels_40x.uasset" 266
"../../../Engine/Content/Tutorial/Basics/LevelEditorOverview.uasset" 267
"../../../Engine/Content/VREditor/LaserPointer/VR_LaserPower_01.uasset" 268
"../../../Engine/Content/VREditor/TransformGizmo/TransformGizmoMaterial.uasset" 269
"../../../Engine/Content/VREditor/TransformGizmo/TranslucentTransformGizmoMaterial.uasset" 270
"../../../Engine/Content/VREditor/TransformGizmo/BoundingBoxCorner.uasset" 271
"../../../Engine/Content/VREditor/TransformGizmo/BoundingBoxEdge.uasset" 272
"../../../Engine/Content/VREditor/TransformGizmo/PlaneTranslationHandle.uasset" 273
"../../../Engine/Content/VREditor/TransformGizmo/Main.uasset" 274
"../../../Engine/Content/VREditor/TransformGizmo/Xray.uasset" 275
"../../../Engine/Content/VREditor/TransformGizmo/SM_Sequencer_Key.uasset" 276
"../../../Engine/Content/VREditor/TransformGizmo/SM_Sequencer_Node.uasset" 277
"../../Plugins/2D/Paper2D/Content/PlaceholderTextures/DummySpriteTexture.uasset" 278
"../../Plugins/2D/Paper2D/Content/DummySprite.uasset" 279
"../../Plugins/2D/Paper2D/Content/DefaultPaperTerrainMaterial.uasset" 280
"../../Plugins/2D/Paper2D/Content/DummySpriteTexture.uasset" 281
"../../Plugins/2D/Paper2D/Content/DefaultSpriteMaterial.uasset" 282
"../../Plugins/2D/Paper2D/Content/MaskedUnlitSpriteMaterial.uasset" 283
"../../Plugins/2D/Paper2D/Content/OpaqueUnlitSpriteMaterial.uasset" 284
"../../Plugins/Runtime/Oculus/OculusVR/Content/OculusMR_RenderTarget.uasset" 285
"../../../Engine/Content/Functions/Engine_MaterialFunctions02/Utility/BreakOutFloat4Components.uasset" 286
"../../../Engine/Content/Functions/Engine_MaterialFunctions02/Utility/MakeFloat2.uasset" 287
"../../../Engine/Content/Functions/Engine_MaterialFunctions02/Utility/MakeFloat3.uasset" 288
"../../Plugins/Runtime/Oculus/OculusVR/Content/Materials/OculusMR_ChromaKey.uasset" 289
"../../Plugins/Runtime/Oculus/OculusVR/Content/Materials/OculusMR_ChromaKey_Lit.uasset" 290
"../../Plugins/Runtime/Oculus/OculusVR/Content/Materials/OculusMR_OpaqueColoredMaterial.uasset" 291
"../../Plugins/Runtime/Oculus/OculusVR/Content/Materials/OculusMR_WhiteMaterial.uasset" 292
"../../Plugins/Runtime/Oculus/OculusVR/Content/Materials/PokeAHoleMaterial.uasset" 293
"../../Plugins/Runtime/Oculus/OculusVR/Content/Textures/GearVRController_AO.uasset" 294
"../../Plugins/Runtime/Oculus/OculusVR/Content/Textures/GearVRController_Color.uasset" 295
"../../Plugins/Runtime/Oculus/OculusVR/Content/Textures/GearVRController_Normal.uasset" 296
"../../Plugins/Runtime/Oculus/OculusVR/Content/Materials/GearVRControllerMaterial.uasset" 297
"../../Plugins/Runtime/Oculus/OculusVR/Content/Meshes/GearVrController.uasset" 298
"../../Plugins/Runtime/Oculus/OculusVR/Content/Textures/touchController_albedo.uasset" 299
"../../Plugins/Runtime/Oculus/OculusVR/Content/Textures/touchController_controlmap.uasset" 300
"../../Plugins/Runtime/Oculus/OculusVR/Content/Materials/touchController_mat.uasset" 301
"../../Plugins/Runtime/Oculus/OculusVR/Content/Meshes/LeftTouchController.uasset" 302
"../../Plugins/Runtime/Oculus/OculusVR/Content/Meshes/RiftHMD.uasset" 303
"../../Plugins/Runtime/Oculus/OculusVR/Content/Meshes/RightTouchController.uasset" 304
"../../../../../GitProjects/Hackathon/Project/FrendsInDisaster/Content/StarterContent/Blueprints/Assets/FogBrightnessLUT.uasset" 305
"../../../../../GitProjects/Hackathon/Project/FrendsInDisaster/Content/StarterContent/Blueprints/Assets/SunlightColorLUT.uasset" 306
"../../../../../GitProjects/Hackathon/Project/FrendsInDisaster/Content/StarterContent/Blueprints/Assets/M_LightStage_Arrows.uasset" 307
"../../../Engine/Content/MapTemplates/Sky/DaylightAmbientCubemap.uasset" 308
"../../../../../GitProjects/Hackathon/Project/FrendsInDisaster/Content/StarterContent/Blueprints/Assets/M_LightStage_Skybox_Master.uasset" 309
"../../../../../GitProjects/Hackathon/Project/FrendsInDisaster/Content/StarterContent/Blueprints/Assets/M_LightStage_Skybox_Black.uasset" 310
"../../../../../GitProjects/Hackathon/Project/FrendsInDisaster/Content/StarterContent/Blueprints/Assets/M_LightStage_Skybox_HDRI.uasset" 311
"../../../Engine/Content/EditorMaterials/Thumbnails/SkySphereMaterial.uasset" 312
"../../../../../GitProjects/Hackathon/Project/FrendsInDisaster/Content/StarterContent/Blueprints/Assets/Skybox.uasset" 313
"../../../../../GitProjects/Hackathon/Project/FrendsInDisaster/Content/StarterContent/Blueprints/Assets/SM_Arrows.uasset" 314
"../../../../../GitProjects/Hackathon/Project/FrendsInDisaster/Content/StarterContent/HDRI/HDRI_Epic_Courtyard_Daylight.uasset" 315
"../../../../../GitProjects/Hackathon/Project/FrendsInDisaster/Content/StarterContent/Blueprints/BP_LightStudio.uasset" 316
"../../../../../GitProjects/Hackathon/Project/FrendsInDisaster/Content/StarterContent/Maps/Advanced_Lighting_BuiltData.uasset" 317
"../../../../../GitProjects/Hackathon/Project/FrendsInDisaster/Content/StarterContent/Materials/M_AssetPlatform.uasset" 318
"../../../Engine/Content/EditorMeshes/ColorCalibrator/M_ChromeBall.uasset" 319
"../../../Engine/Content/EditorMeshes/ColorCalibrator/M_ClearCoat.uasset" 320
"../../../Engine/Content/EditorMeshes/ColorCalibrator/M_ClearCoatBlack.uasset" 321
"../../../Engine/Content/EditorMeshes/ColorCalibrator/Color_checker.uasset" 322
"../../../Engine/Content/EditorMeshes/ColorCalibrator/M_ColorGrid.uasset" 323
"../../../Engine/Content/EditorMeshes/ColorCalibrator/M_GreyBall.uasset" 324
"../../../Engine/Content/EditorMeshes/ColorCalibrator/SM_ColorCalibrator.uasset" 325
"../../../../../GitProjects/Hackathon/Project/FrendsInDisaster/Content/StarterContent/Architecture/SM_AssetPlatform.uasset" 326
"../../../../../GitProjects/Hackathon/Project/FrendsInDisaster/Content/StarterContent/Maps/Advanced_Lighting.umap" 327
"../../../Engine/Content/EngineSky/C_Sky_Cloud_Color.uasset" 328
"../../../Engine/Content/EngineSky/C_Sky_Horizon_Color.uasset" 329
"../../../Engine/Content/EngineSky/C_Sky_Zenith_Color.uasset" 330
"../../../Engine/Content/EngineSky/T_Sky_Blue.uasset" 331
"../../../Engine/Content/EngineSky/T_Sky_Clouds_M.uasset" 332
"../../../Engine/Content/EngineSky/T_Sky_Stars.uasset" 333
"../../../Engine/Content/EngineSky/M_Sky_Panning_Clouds2.uasset" 334
"../../../Engine/Content/EngineSky/SM_SkySphere.uasset" 335
"../../../Engine/Content/EngineSky/BP_Sky_Sphere.uasset" 336
"../../../../../GitProjects/Hackathon/Project/FrendsInDisaster/Content/StarterContent/Maps/Minimal_Default_BuiltData.uasset" 337
"../../../../../GitProjects/Hackathon/Project/FrendsInDisaster/Content/StarterContent/Textures/T_MacroVariation.uasset" 338
"../../../../../GitProjects/Hackathon/Project/FrendsInDisaster/Content/StarterContent/Materials/M_Metal_Brushed_Nickel.uasset" 339
"../../../../../GitProjects/Hackathon/Project/FrendsInDisaster/Content/StarterContent/Textures/T_Metal_Aluminum_D.uasset" 340
"../../../../../GitProjects/Hackathon/Project/FrendsInDisaster/Content/StarterContent/Textures/T_Metal_Gold_N.uasset" 341
"../../../../../GitProjects/Hackathon/Project/FrendsInDisaster/Content/StarterContent/Materials/M_Metal_Burnished_Steel.uasset" 342
"../../../../../GitProjects/Hackathon/Project/FrendsInDisaster/Content/StarterContent/Textures/T_Metal_Copper_D.uasset" 343
"../../../../../GitProjects/Hackathon/Project/FrendsInDisaster/Content/StarterContent/Materials/M_Metal_Copper.uasset" 344
"../../../../../GitProjects/Hackathon/Project/FrendsInDisaster/Content/StarterContent/Textures/T_Statue_M.uasset" 345
"../../../../../GitProjects/Hackathon/Project/FrendsInDisaster/Content/StarterContent/Textures/T_Statue_N.uasset" 346
"../../../../../GitProjects/Hackathon/Project/FrendsInDisaster/Content/StarterContent/Props/Materials/M_StatueGlass.uasset" 347
"../../../../../GitProjects/Hackathon/Project/FrendsInDisaster/Content/StarterContent/Architecture/Floor_400x400.uasset" 348
"../../../../../GitProjects/Hackathon/Project/FrendsInDisaster/Content/StarterContent/Audio/Starter_Background_Cue.uasset" 349
"../../../../../GitProjects/Hackathon/Project/FrendsInDisaster/Content/StarterContent/Props/SM_Chair.uasset" 350
"../../../../../GitProjects/Hackathon/Project/FrendsInDisaster/Content/StarterContent/Props/Materials/M_Statue.uasset" 351
"../../../../../GitProjects/Hackathon/Project/FrendsInDisaster/Content/StarterContent/Props/SM_Statue.uasset" 352
"../../../../../GitProjects/Hackathon/Project/FrendsInDisaster/Content/StarterContent/Textures/T_TableRound_M.uasset" 353
"../../../../../GitProjects/Hackathon/Project/FrendsInDisaster/Content/StarterContent/Textures/T_TableRound_N.uasset" 354
"../../../../../GitProjects/Hackathon/Project/FrendsInDisaster/Content/StarterContent/Props/Materials/M_TableRound.uasset" 355
"../../../../../GitProjects/Hackathon/Project/FrendsInDisaster/Content/StarterContent/Props/SM_TableRound.uasset" 356
"../../../../../GitProjects/Hackathon/Project/FrendsInDisaster/Content/StarterContent/Maps/Minimal_Default.umap" 357
"../../../../../GitProjects/Hackathon/Project/FrendsInDisaster/Content/StarterContent/Audio/Fire01_Cue.uasset" 358
"../../../../../GitProjects/Hackathon/Project/FrendsInDisaster/Content/StarterContent/Textures/T_Fire_SubUV.uasset" 359
"../../../../../GitProjects/Hackathon/Project/FrendsInDisaster/Content/StarterContent/Textures/T_Fire_Tiled_D.uasset" 360
"../../../../../GitProjects/Hackathon/Project/FrendsInDisaster/Content/StarterContent/Particles/Materials/M_Fire_SubUV.uasset" 361
"../../../../../GitProjects/Hackathon/Project/FrendsInDisaster/Content/StarterContent/Textures/T_Water_N.uasset" 362
"../../../../../GitProjects/Hackathon/Project/FrendsInDisaster/Content/StarterContent/Particles/Materials/M_Heat_Distortion.uasset" 363
"../../../../../GitProjects/Hackathon/Project/FrendsInDisaster/Content/StarterContent/Particles/Materials/M_Radial_Gradient.uasset" 364
"../../../../../GitProjects/Hackathon/Project/FrendsInDisaster/Content/StarterContent/Particles/P_Fire.uasset" 365
"../../../../../GitProjects/Hackathon/Project/FrendsInDisaster/Content/StarterContent/Blueprints/Blueprint_Effect_Fire.uasset" 366
"../../../../../GitProjects/Hackathon/Project/FrendsInDisaster/Content/StarterContent/Audio/Smoke01_Cue.uasset" 367
"../../../../../GitProjects/Hackathon/Project/FrendsInDisaster/Content/StarterContent/Particles/P_Smoke.uasset" 368
"../../../../../GitProjects/Hackathon/Project/FrendsInDisaster/Content/StarterContent/Blueprints/Blueprint_Effect_Smoke.uasset" 369
"../../../../../GitProjects/Hackathon/Project/FrendsInDisaster/Content/StarterContent/Audio/Fire_Sparks01_Cue.uasset" 370
"../../../../../GitProjects/Hackathon/Project/FrendsInDisaster/Content/StarterContent/Textures/T_Spark_Core.uasset" 371
"../../../../../GitProjects/Hackathon/Project/FrendsInDisaster/Content/StarterContent/Particles/Materials/M_Spark.uasset" 372
"../../../../../GitProjects/Hackathon/Project/FrendsInDisaster/Content/StarterContent/Particles/P_Sparks.uasset" 373
"../../../../../GitProjects/Hackathon/Project/FrendsInDisaster/Content/StarterContent/Blueprints/Blueprint_Effect_Sparks.uasset" 374
"../../../../../GitProjects/Hackathon/Project/FrendsInDisaster/Content/StarterContent/Audio/Steam01_Cue.uasset" 375
"../../../../../GitProjects/Hackathon/Project/FrendsInDisaster/Content/StarterContent/Particles/P_Steam_Lit.uasset" 376
"../../../../../GitProjects/Hackathon/Project/FrendsInDisaster/Content/StarterContent/Blueprints/Blueprint_Effect_Steam.uasset" 377
"../../../../../GitProjects/Hackathon/Project/FrendsInDisaster/Content/StarterContent/Textures/T_Lamp_M.uasset" 378
"../../../../../GitProjects/Hackathon/Project/FrendsInDisaster/Content/StarterContent/Textures/T_Lamp_N.uasset" 379
"../../../../../GitProjects/Hackathon/Project/FrendsInDisaster/Content/StarterContent/Props/Materials/M_Lamp.uasset" 380
"../../../../../GitProjects/Hackathon/Project/FrendsInDisaster/Content/StarterContent/Props/SM_Lamp_Ceiling.uasset" 381
"../../../../../GitProjects/Hackathon/Project/FrendsInDisaster/Content/StarterContent/Blueprints/Blueprint_CeilingLight.uasset" 382
"../../../../../GitProjects/Hackathon/Project/FrendsInDisaster/Content/StarterContent/Props/SM_Lamp_Wall.uasset" 383
"../../../../../GitProjects/Hackathon/Project/FrendsInDisaster/Content/StarterContent/Blueprints/Blueprint_WallSconce.uasset" 384
"../../../../../GitProjects/Hackathon/Project/FrendsInDisaster/Content/StarterContent/Maps/StarterMap_BuiltData.uasset" 385
"../../../Engine/Content/Functions/Engine_MaterialFunctions03/Procedurals/ComputeFilterWidth.uasset" 386
"../../../Engine/Content/EngineMaterials/AntiAliasedTextMaterialTranslucent.uasset" 387
"../../../../../GitProjects/Hackathon/Project/FrendsInDisaster/Content/StarterContent/Textures/T_Brick_Clay_Beveled_D.uasset" 388
"../../../../../GitProjects/Hackathon/Project/FrendsInDisaster/Content/StarterContent/Textures/T_Brick_Clay_Beveled_M.uasset" 389
"../../../../../GitProjects/Hackathon/Project/FrendsInDisaster/Content/StarterContent/Textures/T_Brick_Clay_Beveled_N.uasset" 390
"../../../../../GitProjects/Hackathon/Project/FrendsInDisaster/Content/StarterContent/Materials/M_Brick_Clay_Beveled.uasset" 391
"../../../../../GitProjects/Hackathon/Project/FrendsInDisaster/Content/StarterContent/Textures/T_Brick_Clay_New_D.uasset" 392
"../../../../../GitProjects/Hackathon/Project/FrendsInDisaster/Content/StarterContent/Textures/T_Brick_Clay_New_M.uasset" 393
"../../../../../GitProjects/Hackathon/Project/FrendsInDisaster/Content/StarterContent/Textures/T_Brick_Clay_New_N.uasset" 394
"../../../../../GitProjects/Hackathon/Project/FrendsInDisaster/Content/StarterContent/Materials/M_Brick_Clay_New.uasset" 395
"../../../../../GitProjects/Hackathon/Project/FrendsInDisaster/Content/StarterContent/Textures/T_Brick_Clay_Old_D.uasset" 396
"../../../../../GitProjects/Hackathon/Project/FrendsInDisaster/Content/StarterContent/Textures/T_Brick_Clay_Old_N.uasset" 397
"../../../../../GitProjects/Hackathon/Project/FrendsInDisaster/Content/StarterContent/Textures/T_Perlin_Noise_M.uasset" 398
"../../../../../GitProjects/Hackathon/Project/FrendsInDisaster/Content/StarterContent/Materials/M_Brick_Clay_Old.uasset" 399
"../../../../../GitProjects/Hackathon/Project/FrendsInDisaster/Content/StarterContent/Textures/T_Brick_Cut_Stone_D.uasset" 400
"../../../../../GitProjects/Hackathon/Project/FrendsInDisaster/Content/StarterContent/Textures/T_Brick_Cut_Stone_N.uasset" 401
"../../../../../GitProjects/Hackathon/Project/FrendsInDisaster/Content/StarterContent/Materials/M_Brick_Cut_Stone.uasset" 402
"../../../../../GitProjects/Hackathon/Project/FrendsInDisaster/Content/StarterContent/Textures/T_Brick_Hewn_Stone_D.uasset" 403
"../../../../../GitProjects/Hackathon/Project/FrendsInDisaster/Content/StarterContent/Textures/T_Brick_Hewn_Stone_M.uasset" 404
"../../../../../GitProjects/Hackathon/Project/FrendsInDisaster/Content/StarterContent/Textures/T_Brick_Hewn_Stone_N.uasset" 405
"../../../../../GitProjects/Hackathon/Project/FrendsInDisaster/Content/StarterContent/Materials/M_Brick_Hewn_Stone.uasset" 406
"../../../../../GitProjects/Hackathon/Project/FrendsInDisaster/Content/StarterContent/Textures/T_Ceramic_Tile_M.uasset" 407
"../../../../../GitProjects/Hackathon/Project/FrendsInDisaster/Content/StarterContent/Textures/T_Ceramic_Tile_N.uasset" 408
"../../../../../GitProjects/Hackathon/Project/FrendsInDisaster/Content/StarterContent/Textures/T_Rock_Marble_Polished_D.uasset" 409
"../../../../../GitProjects/Hackathon/Project/FrendsInDisaster/Content/StarterContent/Materials/M_Ceramic_Tile_Checker.uasset" 410
"../../../../../GitProjects/Hackathon/Project/FrendsInDisaster/Content/StarterContent/Textures/T_CobbleStone_Pebble_D.uasset" 411
"../../../../../GitProjects/Hackathon/Project/FrendsInDisaster/Content/StarterContent/Textures/T_CobbleStone_Pebble_M.uasset" 412
"../../../../../GitProjects/Hackathon/Project/FrendsInDisaster/Content/StarterContent/Textures/T_CobbleStone_Pebble_N.uasset" 413
"../../../../../GitProjects/Hackathon/Project/FrendsInDisaster/Content/StarterContent/Materials/M_CobbleStone_Pebble.uasset" 414
"../../../../../GitProjects/Hackathon/Project/FrendsInDisaster/Content/StarterContent/Textures/T_CobbleStone_Rough_D.uasset" 415
"../../../../../GitProjects/Hackathon/Project/FrendsInDisaster/Content/StarterContent/Textures/T_CobbleStone_Rough_N.uasset" 416
"../../../../../GitProjects/Hackathon/Project/FrendsInDisaster/Content/StarterContent/Textures/T_Gradinet_01.uasset" 417
"../../../../../GitProjects/Hackathon/Project/FrendsInDisaster/Content/StarterContent/Textures/T_Rock_Smooth_Granite_D.uasset" 418
"../../../../../GitProjects/Hackathon/Project/FrendsInDisaster/Content/StarterContent/Materials/M_CobbleStone_Rough.uasset" 419
"../../../../../GitProjects/Hackathon/Project/FrendsInDisaster/Content/StarterContent/Textures/T_CobbleStone_Smooth_D.uasset" 420
"../../../../../GitProjects/Hackathon/Project/FrendsInDisaster/Content/StarterContent/Textures/T_CobbleStone_Smooth_M.uasset" 421
"../../../../../GitProjects/Hackathon/Project/FrendsInDisaster/Content/StarterContent/Textures/T_CobbleStone_Smooth_N.uasset" 422
"../../../../../GitProjects/Hackathon/Project/FrendsInDisaster/Content/StarterContent/Materials/M_CobbleStone_Smooth.uasset" 423
"../../../../../GitProjects/Hackathon/Project/FrendsInDisaster/Content/StarterContent/Textures/T_Concrete_Grime_D.uasset" 424
"../../../../../GitProjects/Hackathon/Project/FrendsInDisaster/Content/StarterContent/Textures/T_Metal_Rust_N.uasset" 425
"../../../../../GitProjects/Hackathon/Project/FrendsInDisaster/Content/StarterContent/Materials/M_Concrete_Grime.uasset" 426
"../../../../../GitProjects/Hackathon/Project/FrendsInDisaster/Content/StarterContent/Textures/T_Concrete_Panels_D.uasset" 427
"../../../../../GitProjects/Hackathon/Project/FrendsInDisaster/Content/StarterContent/Textures/T_Concrete_Panels_N.uasset" 428
"../../../../../GitProjects/Hackathon/Project/FrendsInDisaster/Content/StarterContent/Materials/M_Concrete_Panels.uasset" 429
"../../../../../GitProjects/Hackathon/Project/FrendsInDisaster/Content/StarterContent/Textures/T_Concrete_Poured_D.uasset" 430
"../../../../../GitProjects/Hackathon/Project/FrendsInDisaster/Content/StarterContent/Textures/T_Concrete_Poured_N.uasset" 431
"../../../../../GitProjects/Hackathon/Project/FrendsInDisaster/Content/StarterContent/Materials/M_Concrete_Poured.uasset" 432
"../../../../../GitProjects/Hackathon/Project/FrendsInDisaster/Content/StarterContent/Textures/T_Concrete_Tiles_D.uasset" 433
"../../../../../GitProjects/Hackathon/Project/FrendsInDisaster/Content/StarterContent/Textures/T_Concrete_Tiles_M.uasset" 434
"../../../../../GitProjects/Hackathon/Project/FrendsInDisaster/Content/StarterContent/Textures/T_Concrete_Tiles_N.uasset" 435
"../../../../../GitProjects/Hackathon/Project/FrendsInDisaster/Content/StarterContent/Textures/T_Concrete_Tiles_Variation_M.uasset" 436
"../../../../../GitProjects/Hackathon/Project/FrendsInDisaster/Content/StarterContent/Materials/M_Concrete_Tiles.uasset" 437
"../../../../../GitProjects/Hackathon/Project/FrendsInDisaster/Content/StarterContent/Textures/T_Ground_Grass_D.uasset" 438
"../../../../../GitProjects/Hackathon/Project/FrendsInDisaster/Content/StarterContent/Textures/T_Ground_Grass_N.uasset" 439
"../../../../../GitProjects/Hackathon/Project/FrendsInDisaster/Content/StarterContent/Materials/M_Ground_Grass.uasset" 440
"../../../../../GitProjects/Hackathon/Project/FrendsInDisaster/Content/StarterContent/Textures/T_Ground_Gravel_D.uasset" 441
"../../../../../GitProjects/Hackathon/Project/FrendsInDisaster/Content/StarterContent/Textures/T_Ground_Gravel_N.uasset" 442
"../../../../../GitProjects/Hackathon/Project/FrendsInDisaster/Content/StarterContent/Materials/M_Ground_Gravel.uasset" 443
"../../../../../GitProjects/Hackathon/Project/FrendsInDisaster/Content/StarterContent/Textures/T_ground_Moss_D.uasset" 444
"../../../../../GitProjects/Hackathon/Project/FrendsInDisaster/Content/StarterContent/Textures/T_Ground_Moss_N.uasset" 445
"../../../../../GitProjects/Hackathon/Project/FrendsInDisaster/Content/StarterContent/Materials/M_Ground_Moss.uasset" 446
"../../../../../GitProjects/Hackathon/Project/FrendsInDisaster/Content/StarterContent/Materials/M_Metal_Chrome.uasset" 447
"../../../../../GitProjects/Hackathon/Project/FrendsInDisaster/Content/StarterContent/Textures/T_Metal_Gold_D.uasset" 448
"../../../../../GitProjects/Hackathon/Project/FrendsInDisaster/Content/StarterContent/Materials/M_Metal_Gold.uasset" 449
"../../../../../GitProjects/Hackathon/Project/FrendsInDisaster/Content/StarterContent/Textures/T_Metal_Rust_D.uasset" 450
"../../../../../GitProjects/Hackathon/Project/FrendsInDisaster/Content/StarterContent/Materials/M_Metal_Rust.uasset" 451
"../../../../../GitProjects/Hackathon/Project/FrendsInDisaster/Content/StarterContent/Textures/T_Metal_Steel_D.uasset" 452
"../../../../../GitProjects/Hackathon/Project/FrendsInDisaster/Content/StarterContent/Textures/T_Metal_Steel_N.uasset" 453
"../../../../../GitProjects/Hackathon/Project/FrendsInDisaster/Content/StarterContent/Materials/M_Metal_Steel.uasset" 454
"../../../../../GitProjects/Hackathon/Project/FrendsInDisaster/Content/StarterContent/Textures/T_Rock_Basalt_N.uasset" 455
"../../../../../GitProjects/Hackathon/Project/FrendsInDisaster/Content/StarterContent/Materials/M_Rock_Basalt.uasset" 456
"../../../../../GitProjects/Hackathon/Project/FrendsInDisaster/Content/StarterContent/Materials/M_Rock_Marble_Polished.uasset" 457
"../../../../../GitProjects/Hackathon/Project/FrendsInDisaster/Content/StarterContent/Textures/T_Rock_Sandstone_D.uasset" 458
"../../../../../GitProjects/Hackathon/Project/FrendsInDisaster/Content/StarterContent/Textures/T_Rock_Sandstone_N.uasset" 459
"../../../../../GitProjects/Hackathon/Project/FrendsInDisaster/Content/StarterContent/Materials/M_Rock_Sandstone.uasset" 460
"../../../../../GitProjects/Hackathon/Project/FrendsInDisaster/Content/StarterContent/Textures/T_Rock_Slate_D.uasset" 461
"../../../../../GitProjects/Hackathon/Project/FrendsInDisaster/Content/StarterContent/Textures/T_Rock_Slate_N.uasset" 462
"../../../../../GitProjects/Hackathon/Project/FrendsInDisaster/Content/StarterContent/Materials/M_Rock_Slate.uasset" 463
"../../../../../GitProjects/Hackathon/Project/FrendsInDisaster/Content/StarterContent/Textures/T_Checker_Noise_M.uasset" 464
"../../../../../GitProjects/Hackathon/Project/FrendsInDisaster/Content/StarterContent/Textures/T_Single_Tile_N.uasset" 465
"../../../../../GitProjects/Hackathon/Project/FrendsInDisaster/Content/StarterContent/Textures/T_Tech_Dot_M.uasset" 466
"../../../../../GitProjects/Hackathon/Project/FrendsInDisaster/Content/StarterContent/Textures/T_Tech_Dot_N.uasset" 467
"../../../../../GitProjects/Hackathon/Project/FrendsInDisaster/Content/StarterContent/Materials/M_Tech_Checker_Dot.uasset" 468
"../../../../../GitProjects/Hackathon/Project/FrendsInDisaster/Content/StarterContent/Textures/T_Tech_Hex_Tile_M.uasset" 469
"../../../../../GitProjects/Hackathon/Project/FrendsInDisaster/Content/StarterContent/Textures/T_Tech_Hex_Tile_N.uasset" 470
"../../../../../GitProjects/Hackathon/Project/FrendsInDisaster/Content/StarterContent/Materials/M_Tech_Hex_Tile.uasset" 471
"../../../../../GitProjects/Hackathon/Project/FrendsInDisaster/Content/StarterContent/Materials/M_Tech_Hex_Tile_Pulse.uasset" 472
"../../../../../GitProjects/Hackathon/Project/FrendsInDisaster/Content/StarterContent/Textures/T_Tech_Panel_M.uasset" 473
"../../../../../GitProjects/Hackathon/Project/FrendsInDisaster/Content/StarterContent/Textures/T_Tech_Panel_N.uasset" 474
"../../../../../GitProjects/Hackathon/Project/FrendsInDisaster/Content/StarterContent/Materials/M_Tech_Panel.uasset" 475
"../../../../../GitProjects/Hackathon/Project/FrendsInDisaster/Content/StarterContent/Materials/M_Water_Lake.uasset" 476
"../../../../../GitProjects/Hackathon/Project/FrendsInDisaster/Content/StarterContent/Textures/T_Water_M.uasset" 477
"../../../../../GitProjects/Hackathon/Project/FrendsInDisaster/Content/StarterContent/Materials/M_Water_Ocean.uasset" 478
"../../../../../GitProjects/Hackathon/Project/FrendsInDisaster/Content/StarterContent/Textures/T_Wood_Floor_Walnut_D.uasset" 479
"../../../../../GitProjects/Hackathon/Project/FrendsInDisaster/Content/StarterContent/Textures/T_Wood_Floor_Walnut_M.uasset" 480
"../../../../../GitProjects/Hackathon/Project/FrendsInDisaster/Content/StarterContent/Textures/T_Wood_Floor_Walnut_N.uasset" 481
"../../../../../GitProjects/Hackathon/Project/FrendsInDisaster/Content/StarterContent/Materials/M_Wood_Floor_Walnut_Polished.uasset" 482
"../../../Engine/Content/Functions/Engine_MaterialFunctions01/Opacity/AlphaOffset.uasset" 483
"../../../../../GitProjects/Hackathon/Project/FrendsInDisaster/Content/StarterContent/Materials/M_Wood_Floor_Walnut_Worn.uasset" 484
"../../../../../GitProjects/Hackathon/Project/FrendsInDisaster/Content/StarterContent/Textures/T_Wood_Oak_D.uasset" 485
"../../../../../GitProjects/Hackathon/Project/FrendsInDisaster/Content/StarterContent/Textures/T_Wood_Oak_N.uasset" 486
"../../../../../GitProjects/Hackathon/Project/FrendsInDisaster/Content/StarterContent/Materials/M_Wood_Oak.uasset" 487
"../../../../../GitProjects/Hackathon/Project/FrendsInDisaster/Content/StarterContent/Textures/T_Wood_Pine_D.uasset" 488
"../../../../../GitProjects/Hackathon/Project/FrendsInDisaster/Content/StarterContent/Textures/T_Wood_Pine_N.uasset" 489
"../../../../../GitProjects/Hackathon/Project/FrendsInDisaster/Content/StarterContent/Materials/M_Wood_Pine.uasset" 490
"../../../../../GitProjects/Hackathon/Project/FrendsInDisaster/Content/StarterContent/Textures/T_Wood_Walnut_D.uasset" 491
"../../../../../GitProjects/Hackathon/Project/FrendsInDisaster/Content/StarterContent/Textures/T_Wood_Walnut_N.uasset" 492
"../../../../../GitProjects/Hackathon/Project/FrendsInDisaster/Content/StarterContent/Materials/M_Wood_Walnut.uasset" 493
"../../../../../GitProjects/Hackathon/Project/FrendsInDisaster/Content/StarterContent/Architecture/Wall_400x200.uasset" 494
"../../../../../GitProjects/Hackathon/Project/FrendsInDisaster/Content/StarterContent/Architecture/Wall_Door_400x300.uasset" 495
"../../../../../GitProjects/Hackathon/Project/FrendsInDisaster/Content/StarterContent/Architecture/Wall_Window_400x300.uasset" 496
"../../../../../GitProjects/Hackathon/Project/FrendsInDisaster/Content/StarterContent/Audio/Collapse_Cue.uasset" 497
"../../../../../GitProjects/Hackathon/Project/FrendsInDisaster/Content/StarterContent/Audio/Starter_Music_Cue.uasset" 498
"../../../../../GitProjects/Hackathon/Project/FrendsInDisaster/Content/StarterContent/Textures/T_Dust_Particle_D.uasset" 499
"../../../../../GitProjects/Hackathon/Project/FrendsInDisaster/Content/StarterContent/Particles/Materials/M_Dust_Particle.uasset" 500
"../../../../../GitProjects/Hackathon/Project/FrendsInDisaster/Content/StarterContent/Particles/P_Ambient_Dust.uasset" 501
"../../../../../GitProjects/Hackathon/Project/FrendsInDisaster/Content/StarterContent/Props/MaterialSphere.uasset" 502
"../../../../../GitProjects/Hackathon/Project/FrendsInDisaster/Content/StarterContent/Textures/T_Frame_M.uasset" 503
"../../../../../GitProjects/Hackathon/Project/FrendsInDisaster/Content/StarterContent/Textures/T_Frame_N.uasset" 504
"../../../../../GitProjects/Hackathon/Project/FrendsInDisaster/Content/StarterContent/Props/Materials/M_Frame.uasset" 505
"../../../../../GitProjects/Hackathon/Project/FrendsInDisaster/Content/StarterContent/Props/SM_CornerFrame.uasset" 506
"../../../../../GitProjects/Hackathon/Project/FrendsInDisaster/Content/StarterContent/Props/SM_DoorFrame.uasset" 507
"../../../../../GitProjects/Hackathon/Project/FrendsInDisaster/Content/StarterContent/Props/SM_GlassWindow.uasset" 508
"../../../../../GitProjects/Hackathon/Project/FrendsInDisaster/Content/StarterContent/Props/SM_PillarFrame.uasset" 509
"../../../../../GitProjects/Hackathon/Project/FrendsInDisaster/Content/StarterContent/Props/SM_PillarFrame300.uasset" 510
"../../../../../GitProjects/Hackathon/Project/FrendsInDisaster/Content/StarterContent/Props/SM_WindowFrame.uasset" 511
"../../../../../GitProjects/Hackathon/Project/FrendsInDisaster/Content/StarterContent/Shapes/Shape_Cube.uasset" 512
"../../../../../GitProjects/Hackathon/Project/FrendsInDisaster/Content/StarterContent/Shapes/Shape_QuadPyramid.uasset" 513
"../../../../../GitProjects/Hackathon/Project/FrendsInDisaster/Content/StarterContent/Shapes/Shape_Sphere.uasset" 514
"../../../../../GitProjects/Hackathon/Project/FrendsInDisaster/Content/StarterContent/Maps/StarterMap.umap" 515
"../../../../../GitProjects/Hackathon/Project/FrendsInDisaster/Content/Geometry/Meshes/CubeMaterial.uasset" 516
"../../../../../GitProjects/Hackathon/Project/FrendsInDisaster/Content/Geometry/Meshes/1M_Cube.uasset" 517
"../../../../../GitProjects/Hackathon/Project/FrendsInDisaster/Content/Geometry/Meshes/1M_Cube_Chamfer.uasset" 518
"../../../../../GitProjects/Hackathon/Project/FrendsInDisaster/Content/Geometry/Meshes/TemplateFloor.uasset" 519
"../../../../../GitProjects/Hackathon/Project/FrendsInDisaster/Content/ThirdPerson/Meshes/RampMaterial.uasset" 520
"../../../../../GitProjects/Hackathon/Project/FrendsInDisaster/Content/ThirdPerson/Meshes/Bump_StaticMesh.uasset" 521
"../../../../../GitProjects/Hackathon/Project/FrendsInDisaster/Content/ThirdPerson/Meshes/LeftArm_StaticMesh.uasset" 522
"../../../../../GitProjects/Hackathon/Project/FrendsInDisaster/Content/ThirdPerson/Meshes/Linear_Stair_StaticMesh.uasset" 523
"../../../../../GitProjects/Hackathon/Project/FrendsInDisaster/Content/ThirdPerson/Meshes/Ramp_StaticMesh.uasset" 524
"../../../../../GitProjects/Hackathon/Project/FrendsInDisaster/Content/ThirdPerson/Meshes/RightArm_StaticMesh.uasset" 525
"../../../../../GitProjects/Hackathon/Project/FrendsInDisaster/Content/ThirdPersonBP/Maps/ThirdPersonExampleMap.umap" 526
"../../../../../GitProjects/Hackathon/Project/FrendsInDisaster/Content/Actors/SharedCamera.uasset" 527
"../../../../../GitProjects/Hackathon/Project/FrendsInDisaster/Content/ThirdPersonBP/MyMaps/01/Prototype_1_BuiltData.uasset" 528
"../../../Engine/Content/BasicShapes/Cube.uasset" 529
"../../../../../GitProjects/Hackathon/Project/FrendsInDisaster/Content/ThirdPersonBP/MyMaps/01/Menu.uasset" 530
"../../../../../GitProjects/Hackathon/Project/FrendsInDisaster/Content/ThirdPersonBP/MyMaps/01/Prototype_1.umap" 531
"../../../Engine/Content/Maps/Entry_BuiltData.uasset" 532
"../../../Engine/Content/Maps/Entry.umap" 533
